<?xml version="1.0" encoding="UTF-8"?>
<!-- Generated by org.testng.reporters.JUnitXMLReporter -->
<testsuite ignored="0" hostname="kavish" failures="0" tests="5" name="Test" time="0.144" errors="0" timestamp="2022-04-26T13:22:25 IST">
  <testcase classname="Test.Test3" name="add" time="0.011"/>
  <testcase classname="Test.Test3" name="add" time="0.002"/>
  <testcase classname="Test.Test3" name="addition" time="0.003"/>
  <testcase classname="Test.Test2" name="namo" time="0.003"/>
  <testcase classname="Test.Test2" name="surname" time="0.004"/>
</testsuite> <!-- Test -->
